<?xml version="1.0" encoding="UTF-8"?>
<testsuite name="MainKtTest" tests="4" skipped="0" failures="0" errors="0" timestamp="2023-05-27T15:01:30" hostname="ASUS_ROG_G14_AW" time="0.006">
  <properties/>
  <testcase name="calcTaxMastercardMax" classname="MainKtTest" time="0.005"/>
  <testcase name="calcTaxMastercardMin" classname="MainKtTest" time="0.0"/>
  <testcase name="calcTaxVKpay" classname="MainKtTest" time="0.0"/>
  <testcase name="calcTaxVisaMir" classname="MainKtTest" time="0.0"/>
  <system-out><![CDATA[]]></system-out>
  <system-err><![CDATA[]]></system-err>
</testsuite>
